[0m18:37:58.926667 [debug] [MainThread]: Sending event: {'category': 'dbt', 'action': 'invocation', 'label': 'start', 'context': [<snowplow_tracker.self_describing_json.SelfDescribingJson object at 0x0000018220BD93A0>, <snowplow_tracker.self_describing_json.SelfDescribingJson object at 0x000001822042EFF0>, <snowplow_tracker.self_describing_json.SelfDescribingJson object at 0x000001821E987D40>]}


============================== 18:37:58.935133 | 1afa7a3f-1b62-4df1-8efb-022b80aeea6e ==============================
[0m18:37:58.935133 [info ] [MainThread]: Running with dbt=1.10.2
[0m18:37:58.938218 [debug] [MainThread]: running dbt with arguments {'printer_width': '80', 'indirect_selection': 'eager', 'write_json': 'True', 'log_cache_events': 'False', 'partial_parse': 'True', 'cache_selected_only': 'False', 'profiles_dir': 'C:\\Users\\nadim\\.dbt', 'fail_fast': 'False', 'warn_error': 'None', 'log_path': 'logs', 'debug': 'False', 'version_check': 'True', 'use_colors': 'True', 'use_experimental_parser': 'False', 'empty': 'None', 'quiet': 'False', 'no_print': 'None', 'log_format': 'default', 'static_parser': 'True', 'introspect': 'True', 'warn_error_options': 'WarnErrorOptionsV2(error=[], warn=[], silence=[])', 'target_path': 'None', 'invocation_command': 'dbt init cas_pratique_dbt', 'send_anonymous_usage_stats': 'True'}
[0m18:37:58.985462 [info ] [MainThread]: Creating dbt configuration folder at C:\Users\nadim\.dbt
[0m18:37:58.990817 [debug] [MainThread]: Starter project path: C:\Users\nadim\Desktop\dbt-TIL\dbt-TIL\dbt-env\Lib\site-packages\dbt\include\starter_project
[0m18:37:59.041962 [info ] [MainThread]: 
Your new dbt project "cas_pratique_dbt" was created!

For more information on how to configure the profiles.yml file,
please consult the dbt documentation here:

  https://docs.getdbt.com/docs/configure-your-profile

One more thing:

Need help? Don't hesitate to reach out to us via GitHub issues or on Slack:

  https://community.getdbt.com/

Happy modeling!

[0m18:37:59.047266 [info ] [MainThread]: Setting up your profile.
[0m18:42:41.339498 [info ] [MainThread]: Profile cas_pratique_dbt written to C:\Users\nadim\.dbt\profiles.yml using target's profile_template.yml and your supplied values. Run 'dbt debug' to validate the connection.
[0m18:42:41.339498 [debug] [MainThread]: Command `dbt init` succeeded at 18:42:41.339498 after 282.64 seconds
[0m18:42:41.339498 [debug] [MainThread]: Sending event: {'category': 'dbt', 'action': 'invocation', 'label': 'end', 'context': [<snowplow_tracker.self_describing_json.SelfDescribingJson object at 0x000001822233B650>, <snowplow_tracker.self_describing_json.SelfDescribingJson object at 0x0000018223213590>, <snowplow_tracker.self_describing_json.SelfDescribingJson object at 0x0000018222F1CC20>]}
[0m18:42:41.339498 [debug] [MainThread]: Flushing usage events
[0m18:42:41.748035 [debug] [MainThread]: An error was encountered while trying to flush usage events
